
> @playform/resolve@0.0.1 Document D:\Developer\Application\Playform\NPM\Resolve
> Document 'Source/**/*.ts'

[96m[info][0m Loaded plugin typedoc-plugin-remove-references

[96m[info][0m Loaded plugin typedoc-plugin-rename-defaults

[96m[info][0m Loaded plugin typedoc-plugin-mdn-links

[96m[info][0m Loaded plugin typedoc-plugin-zod

[96m[info][0m Loaded plugin typedoc-plugin-merge-modules

[96m[info][0m Loaded plugin typedoc-plugin-keywords

[96mSource/Class/Error/File.ts[0m:[93m1[0m:[93m32[0m - [91merror[0m[90m TS2304: [0mCannot find name 'Step'.

[7m1[0m export class FileError extends Step {
[7m [0m [91m                               ~~~~[0m


[96mSource/Class/Error/File.ts[0m:[93m1[0m:[93m32[0m - [91merror[0m[90m TS4020: [0m'extends' clause of exported class 'FileError' has or is using private name 'Step'.

[7m1[0m export class FileError extends Step {
[7m [0m [91m                               ~~~~[0m

[96mSource/Class/Error/FileNotFound.ts[0m:[93m1[0m:[93m40[0m - [91merror[0m[90m TS2304: [0mCannot find name 'FileError'.

[7m1[0m export class FileNotFoundError extends FileError {
[7m [0m [91m                                       ~~~~~~~~~[0m


[96mSource/Class/Error/FileNotFound.ts[0m:[93m1[0m:[93m40[0m - [91merror[0m[90m TS4020: [0m'extends' clause of exported class 'FileNotFoundError' has or is using private name 'FileError'.

[7m1[0m export class FileNotFoundError extends FileError {
[7m [0m [91m                                       ~~~~~~~~~[0m


[96mSource/Class/Error/InvaliadAlias.ts[0m:[93m1[0m:[93m40[0m - [91merror[0m[90m TS2304: [0mCannot find name 'Step'.

[7m1[0m export class InvalidAliasError extends Step {
[7m [0m [91m                                       ~~~~[0m

[96mSource/Class/Error/InvaliadAlias.ts[0m:[93m1[0m:[93m40[0m - [91merror[0m[90m TS4020: [0m'extends' clause of exported class 'InvalidAliasError' has or is using private name 'Step'.

[7m1[0m export class InvalidAliasError extends Step {
[7m [0m [91m                                       ~~~~[0m

[96mSource/Class/Error/InvalidAliasError.ts[0m:[93m1[0m:[93m40[0m - [91merror[0m[90m TS2304: [0mCannot find name 'Step'.

[7m1[0m export class InvalidAliasError extends Step {
[7m [0m [91m                                       ~~~~[0m


[96mSource/Class/Error/InvalidAliasError.ts[0m:[93m1[0m:[93m40[0m - [91merror[0m[90m TS4020: [0m'extends' clause of exported class 'InvalidAliasError' has or is using private name 'Step'.

[7m1[0m export class InvalidAliasError extends Step {
[7m [0m [91m                                       ~~~~[0m

[96mSource/Class/Error/TSConfigPropertyError.ts[0m:[93m1[0m:[93m44[0m - [91merror[0m[90m TS2304: [0mCannot find name 'Step'.

[7m1[0m export class TSConfigPropertyError extends Step {
[7m [0m [91m                                           ~~~~[0m


[96mSource/Class/Error/TSConfigPropertyError.ts[0m:[93m1[0m:[93m44[0m - [91merror[0m[90m TS4020: [0m'extends' clause of exported class 'TSConfigPropertyError' has or is using private name 'Step'.

[7m1[0m export class TSConfigPropertyError extends Step {
[7m [0m [91m                                           ~~~~[0m


[96mSource/Class/Resolve.ts[0m:[93m5[0m:[93m37[0m - [91merror[0m[90m TS2307: [0mCannot find module '~/types' or its corresponding type declarations.

[7m5[0m import type { ProgramOptions } from "~/types";
[7m [0m [91m                                    ~~~~~~~~~[0m


[96mSource/Class/Resolve.ts[0m:[93m6[0m:[93m24[0m - [91merror[0m[90m TS2307: [0mCannot find module '~/utils/logger' or its corresponding type declarations.

[7m6[0m import { Logger } from "~/utils/logger";
[7m [0m [91m                       ~~~~~~~~~~~~~~~~[0m


[96mSource/Class/Resolve.ts[0m:[93m7[0m:[93m22[0m - [91merror[0m[90m TS2307: [0mCannot find module '~/utils/errors' or its corresponding type declarations.

[7m7[0m import { Step } from "~/utils/errors";
[7m [0m [91m                     ~~~~~~~~~~~~~~~~[0m


[96mSource/Class/Resolve.ts[0m:[93m9[0m:[93m31[0m - [91merror[0m[90m TS2307: [0mCannot find module '~/steps/createProgram' or its corresponding type declarations.

[7m9[0m import { createProgram } from "~/steps/createProgram";
[7m [0m [91m                              ~~~~~~~~~~~~~~~~~~~~~~~[0m

[96mSource/Class/Resolve.ts[0m:[93m10[0m:[93m30[0m - [91merror[0m[90m TS2307: [0mCannot find module '~/steps/loadTSConfig' or its corresponding type declarations.

[7m10[0m import { loadTSConfig } from "~/steps/loadTSConfig";
[7m  [0m [91m                             ~~~~~~~~~~~~~~~~~~~~~~[0m


[96mSource/Class/Resolve.ts[0m:[93m11[0m:[93m30[0m - [91merror[0m[90m TS2307: [0mCannot find module '~/steps/resolvePaths' or its corresponding type declarations.

[7m11[0m import { resolvePaths } from "~/steps/resolvePaths";
[7m  [0m [91m                             ~~~~~~~~~~~~~~~~~~~~~~[0m

[96mSource/Class/Resolve.ts[0m:[93m12[0m:[93m32[0m - [91merror[0m[90m TS2307: [0mCannot find module '~/steps/computeAliases' or its corresponding type declarations.

[7m12[0m import { computeAliases } from "~/steps/computeAliases";
[7m  [0m [91m                               ~~~~~~~~~~~~~~~~~~~~~~~~[0m


[96mSource/Class/Resolve.ts[0m:[93m13[0m:[93m35[0m - [91merror[0m[90m TS2307: [0mCannot find module '~/steps/getFilesToProcess' or its corresponding type declarations.

[7m13[0m import { getFilesToProcess } from "~/steps/getFilesToProcess";
[7m  [0m [91m                                  ~~~~~~~~~~~~~~~~~~~~~~~~~~~[0m


[96mSource/Class/Resolve.ts[0m:[93m14[0m:[93m33[0m - [91merror[0m[90m TS2307: [0mCannot find module '~/steps/generateChanges' or its corresponding type declarations.

[7m14[0m import { generateChanges } from "~/steps/generateChanges";
[7m  [0m [91m                                ~~~~~~~~~~~~~~~~~~~~~~~~~[0m


[96mSource/Class/Resolve.ts[0m:[93m15[0m:[93m30[0m - [91merror[0m[90m TS2307: [0mCannot find module '~/steps/applyChanges' or its corresponding type declarations.

[7m15[0m import { applyChanges } from "~/steps/applyChanges";
[7m  [0m [91m                             ~~~~~~~~~~~~~~~~~~~~~~[0m


[96mSource/Class/Resolve.ts[0m:[93m50[0m:[93m19[0m - [91merror[0m[90m TS7031: [0mBinding element 'file' implicitly has an 'any' type.

[7m50[0m    changes.map(({ file, changes }) => ({ file, changes }))
[7m  [0m [91m                  ~~~~[0m


[96mSource/Class/Resolve.ts[0m:[93m50[0m:[93m25[0m - [91merror[0m[90m TS7031: [0mBinding element 'changes' implicitly has an 'any' type.

[7m50[0m    changes.map(({ file, changes }) => ({ file, changes }))
[7m  [0m [91m                        ~~~~~~~[0m


[96mSource/Function/Apply.ts[0m:[93m3[0m:[93m29[0m - [91merror[0m[90m TS2307: [0mCannot find module '~/types' or its corresponding type declarations.

[7m3[0m import type { Change } from "~/types";
[7m [0m [91m                            ~~~~~~~~~[0m


[96mSource/Function/Compute.ts[0m:[93m3[0m:[93m28[0m - [91merror[0m[90m TS2307: [0mCannot find module '~/types' or its corresponding type declarations.

[7m3[0m import type { Alias } from "~/types";
[7m [0m [91m                           ~~~~~~~~~[0m


[96mSource/Function/Compute.ts[0m:[93m4[0m:[93m35[0m - [91merror[0m[90m TS2307: [0mCannot find module '~/utils/errors' or its corresponding type declarations.

[7m4[0m import { InvalidAliasError } from "~/utils/errors";
[7m [0m [91m                                  ~~~~~~~~~~~~~~~~[0m


[96mSource/Function/Compute.ts[0m:[93m18[0m:[93m15[0m - [91merror[0m[90m TS2532: [0mObject is possibly 'undefined'.

[7m18[0m   aliasPaths: paths[alias].map((path: string) =>
[7m  [0m [91m              ~~~~~~~~~~~~[0m

[96mSource/Function/Create.ts[0m:[93m3[0m:[93m36[0m - [91merror[0m[90m TS2307: [0mCannot find module '~/constants' or its corresponding type declarations.

[7m3[0m import { DEFAULT_EXTENSIONS } from "~/constants";
[7m [0m [91m                                   ~~~~~~~~~~~~~[0m


[96mSource/Function/Create.ts[0m:[93m4[0m:[93m25[0m - [91merror[0m[90m TS2307: [0mCannot find module '~/version.json' or its corresponding type declarations.

[7m4[0m import { version } from "~/version.json";
[7m [0m [91m                        ~~~~~~~~~~~~~~~~[0m


[96mSource/Function/Generate.ts[0m:[93m4[0m:[93m35[0m - [91merror[0m[90m TS2307: [0mCannot find module '~/utils/errors' or its corresponding type declarations.

[7m4[0m import { FileNotFoundError } from "~/utils/errors";
[7m [0m [91m                                  ~~~~~~~~~~~~~~~~[0m


[96mSource/Function/Generate.ts[0m:[93m5[0m:[93m31[0m - [91merror[0m[90m TS2307: [0mCannot find module '~/utils/path' or its corresponding type declarations.

[7m5[0m import { normalizePath } from "~/utils/path";
[7m [0m [91m                              ~~~~~~~~~~~~~~[0m


[96mSource/Function/Generate.ts[0m:[93m7[0m:[93m62[0m - [91merror[0m[90m TS2307: [0mCannot find module '~/types' or its corresponding type declarations.

[7m7[0m import type { Alias, Change, ProgramPaths, TextChange } from "~/types";
[7m [0m [91m                                                             ~~~~~~~~~[0m


[96mSource/Function/Generate.ts[0m:[93m143[0m:[93m21[0m - [91merror[0m[90m TS7006: [0mParameter 'aliasPath' implicitly has an 'any' type.

[7m143[0m     aliasPaths.map((aliasPath) =>
[7m   [0m [91m                    ~~~~~~~~~[0m


[96mSource/Function/Get.ts[0m:[93m4[0m:[93m31[0m - [91merror[0m[90m TS2307: [0mCannot find module '~/utils/path' or its corresponding type declarations.

[7m4[0m import { normalizePath } from "~/utils/path";
[7m [0m [91m                              ~~~~~~~~~~~~~~[0m


[96mSource/Function/Load.ts[0m:[93m9[0m:[93m31[0m - [91merror[0m[90m TS2307: [0mCannot find module '~/types' or its corresponding type declarations.

[7m9[0m import type { TSConfig } from "~/types";
[7m [0m [91m                              ~~~~~~~~~[0m


[96mSource/Function/Load.ts[0m:[93m10[0m:[93m35[0m - [91merror[0m[90m TS2307: [0mCannot find module '~/utils/errors' or its corresponding type declarations.

[7m10[0m import { FileNotFoundError } from "~/utils/errors";
[7m  [0m [91m                                  ~~~~~~~~~~~~~~~~[0m


[96mSource/Function/Resolve/Path.ts[0m:[93m3[0m:[93m45[0m - [91merror[0m[90m TS2307: [0mCannot find module '~/utils/errors' or its corresponding type declarations.

[7m3[0m import { Step, TSConfigPropertyError } from "~/utils/errors";
[7m [0m [91m                                            ~~~~~~~~~~~~~~~~[0m


[96mSource/Function/Resolve/Path.ts[0m:[93m5[0m:[93m61[0m - [91merror[0m[90m TS2307: [0mCannot find module '~/types' or its corresponding type declarations.

[7m5[0m import type { ProgramOptions, ProgramPaths, TSConfig } from "~/types";
[7m [0m [91m                                                            ~~~~~~~~~[0m


[96mSource/Function/Resolve/Ts.ts[0m:[93m1[0m:[93m32[0m - [91merror[0m[90m TS2307: [0mCannot find module '~/types' or its corresponding type declarations.

[7m1[0m import { ProgramOptions } from "~/types";
[7m [0m [91m                               ~~~~~~~~~[0m


[96mSource/Function/Resolve/Ts.ts[0m:[93m2[0m:[93m36[0m - [91merror[0m[90m TS2307: [0mCannot find module '~/constants' or its corresponding type declarations.

[7m2[0m import { DEFAULT_EXTENSIONS } from "~/constants";
[7m [0m [91m                                   ~~~~~~~~~~~~~[0m


[96mSource/Function/Resolve/Ts.ts[0m:[93m4[0m:[93m30[0m - [91merror[0m[90m TS2307: [0mCannot find module '~/steps/loadTSConfig' or its corresponding type declarations.

[7m4[0m import { loadTSConfig } from "~/steps/loadTSConfig";
[7m [0m [91m                             ~~~~~~~~~~~~~~~~~~~~~~[0m


[96mSource/Function/Resolve/Ts.ts[0m:[93m5[0m:[93m30[0m - [91merror[0m[90m TS2307: [0mCannot find module '~/steps/resolvePaths' or its corresponding type declarations.

[7m5[0m import { resolvePaths } from "~/steps/resolvePaths";
[7m [0m [91m                             ~~~~~~~~~~~~~~~~~~~~~~[0m


[96mSource/Function/Resolve/Ts.ts[0m:[93m6[0m:[93m32[0m - [91merror[0m[90m TS2307: [0mCannot find module '~/steps/computeAliases' or its corresponding type declarations.

[7m6[0m import { computeAliases } from "~/steps/computeAliases";
[7m [0m [91m                               ~~~~~~~~~~~~~~~~~~~~~~~~[0m


[96mSource/Function/Resolve/Ts.ts[0m:[93m7[0m:[93m35[0m - [91merror[0m[90m TS2307: [0mCannot find module '~/steps/getFilesToProcess' or its corresponding type declarations.

[7m7[0m import { getFilesToProcess } from "~/steps/getFilesToProcess";
[7m [0m [91m                                  ~~~~~~~~~~~~~~~~~~~~~~~~~~~[0m


[96mSource/Function/Resolve/Ts.ts[0m:[93m8[0m:[93m33[0m - [91merror[0m[90m TS2307: [0mCannot find module '~/steps/generateChanges' or its corresponding type declarations.

[7m8[0m import { generateChanges } from "~/steps/generateChanges";
[7m [0m [91m                                ~~~~~~~~~~~~~~~~~~~~~~~~~[0m

[96mSource/Function/Resolve/Ts.ts[0m:[93m9[0m:[93m30[0m - [91merror[0m[90m TS2307: [0mCannot find module '~/steps/applyChanges' or its corresponding type declarations.

[7m9[0m import { applyChanges } from "~/steps/applyChanges";
[7m [0m [91m                             ~~~~~~~~~~~~~~~~~~~~~~[0m


